<?xml version="1.0" encoding="UTF-8"?>
<testng-results ignored="0" total="1" passed="1" failed="0" skipped="0">
  <reporter-output>
  </reporter-output>
  <suite started-at="2020-06-19T15:15:50 IST" name="Default suite" finished-at="2020-06-19T15:16:14 IST" duration-ms="23475">
    <groups>
    </groups>
    <test started-at="2020-06-19T15:15:50 IST" name="Default test" finished-at="2020-06-19T15:16:14 IST" duration-ms="23475">
      <class name="linkedin.linkedintest.test.LinkedInTest">
        <test-method signature="LinkedIn()[pri:0, instance:linkedin.linkedintest.test.LinkedInTest@38f116f6]" started-at="2020-06-19T15:15:51 IST" name="LinkedIn" finished-at="2020-06-19T15:16:10 IST" duration-ms="19271" status="PASS">
          <reporter-output>
          </reporter-output>
        </test-method> <!-- LinkedIn -->
        <test-method is-config="true" signature="tearDown()[pri:0, instance:linkedin.linkedintest.test.LinkedInTest@38f116f6]" started-at="2020-06-19T15:16:10 IST" name="tearDown" finished-at="2020-06-19T15:16:14 IST" duration-ms="4112" status="PASS">
          <reporter-output>
          </reporter-output>
        </test-method> <!-- tearDown -->
      </class> <!-- linkedin.linkedintest.test.LinkedInTest -->
    </test> <!-- Default test -->
  </suite> <!-- Default suite -->
</testng-results>
